[2017-07-10 18:33:34] defaultLogger.INFO: SELECT banners.id, banners.place, banners.width, banners.height, banners.effects, banners.page_type, banners_i18n.id, banners_i18n.locale, banners_i18n.name, banner_image.id, banner_image.banner_id, banner_image.target, banner_image.url, banner_image.allowed_page, banner_image.position, banner_image.active_from, banner_image.active_to, banner_image.active, banner_image.permanent, banner_image_i18n.id, banner_image_i18n.locale, banner_image_i18n.src, banner_image_i18n.name, banner_image_i18n.clicks, banner_image_i18n.description FROM banners LEFT JOIN banners_i18n ON (banners.id=banners_i18n.id AND banners_i18n.locale = 'ru') INNER JOIN banner_image ON (banners.id=banner_image.banner_id) INNER JOIN banner_image_i18n ON (banner_image.id=banner_image_i18n.id AND banner_image_i18n.locale = 'ru') WHERE banners.place='main_banner' AND banner_image.active=true AND (banner_image.active_from<=1499700814 OR active_from is null) AND (banner_image.active_to>=1499700814 OR active_to is null) AND banner_image.allowed_page IN ('124',0) ORDER BY banner_image.position DESC [] []
[2017-07-10 18:33:34] defaultLogger.INFO: SELECT banners.id, banners.place, banners.width, banners.height, banners.effects, banners.page_type, banners_i18n.id, banners_i18n.locale, banners_i18n.name, banner_image.id, banner_image.banner_id, banner_image.target, banner_image.url, banner_image.allowed_page, banner_image.position, banner_image.active_from, banner_image.active_to, banner_image.active, banner_image.permanent, banner_image_i18n.id, banner_image_i18n.locale, banner_image_i18n.src, banner_image_i18n.name, banner_image_i18n.clicks, banner_image_i18n.description FROM banners LEFT JOIN banners_i18n ON (banners.id=banners_i18n.id AND banners_i18n.locale = 'ru') INNER JOIN banner_image ON (banners.id=banner_image.banner_id) INNER JOIN banner_image_i18n ON (banner_image.id=banner_image_i18n.id AND banner_image_i18n.locale = 'ru') WHERE banners.place='partners' AND banner_image.active=true AND (banner_image.active_from<=1499700814 OR active_from is null) AND (banner_image.active_to>=1499700814 OR active_to is null) AND banner_image.allowed_page IN ('124',0) ORDER BY banner_image.position DESC [] []
[2017-07-10 18:33:49] defaultLogger.INFO: SELECT banners.id, banners.place, banners.width, banners.height, banners.effects, banners.page_type FROM banners [] []
[2017-07-10 18:33:49] defaultLogger.INFO: SELECT banner_image.id, banner_image.banner_id, banner_image.target, banner_image.url, banner_image.allowed_page, banner_image.position, banner_image.active_from, banner_image.active_to, banner_image.active, banner_image.permanent FROM banner_image WHERE banner_image.banner_id=1 [] []
[2017-07-10 18:33:49] defaultLogger.INFO: DELETE FROM banner_image_i18n WHERE banner_image_i18n.id=5 [] []
[2017-07-10 18:33:49] defaultLogger.INFO: DELETE FROM banner_image_i18n WHERE banner_image_i18n.id=4 [] []
[2017-07-10 18:33:49] defaultLogger.INFO: DELETE FROM banner_image_i18n WHERE banner_image_i18n.id=3 [] []
[2017-07-10 18:33:49] defaultLogger.INFO: DELETE FROM banner_image WHERE banner_image.banner_id=1 [] []
[2017-07-10 18:33:49] defaultLogger.INFO: DELETE FROM banners_i18n WHERE banners_i18n.id=1 [] []
[2017-07-10 18:33:49] defaultLogger.INFO: SELECT banner_image.id, banner_image.banner_id, banner_image.target, banner_image.url, banner_image.allowed_page, banner_image.position, banner_image.active_from, banner_image.active_to, banner_image.active, banner_image.permanent FROM banner_image WHERE banner_image.banner_id=2 [] []
[2017-07-10 18:33:49] defaultLogger.INFO: DELETE FROM banner_image_i18n WHERE banner_image_i18n.id=6 [] []
[2017-07-10 18:33:49] defaultLogger.INFO: DELETE FROM banner_image_i18n WHERE banner_image_i18n.id=7 [] []
[2017-07-10 18:33:49] defaultLogger.INFO: DELETE FROM banner_image_i18n WHERE banner_image_i18n.id=9 [] []
[2017-07-10 18:33:49] defaultLogger.INFO: DELETE FROM banner_image_i18n WHERE banner_image_i18n.id=10 [] []
[2017-07-10 18:33:49] defaultLogger.INFO: DELETE FROM banner_image_i18n WHERE banner_image_i18n.id=11 [] []
[2017-07-10 18:33:49] defaultLogger.INFO: DELETE FROM banner_image_i18n WHERE banner_image_i18n.id=13 [] []
[2017-07-10 18:33:49] defaultLogger.INFO: DELETE FROM banner_image WHERE banner_image.banner_id=2 [] []
[2017-07-10 18:33:49] defaultLogger.INFO: DELETE FROM banners_i18n WHERE banners_i18n.id=2 [] []
[2017-07-10 18:33:49] defaultLogger.INFO: DELETE FROM banners [] []
[2017-07-10 18:33:49] defaultLogger.INFO: SELECT banners.id, banners.place, banners.width, banners.height, banners.effects, banners.page_type FROM banners [] []
[2017-07-10 18:33:49] defaultLogger.INFO: DELETE FROM banners [] []
